{
  "stats": {
    "suites": 1,
    "tests": 1,
    "passes": 1,
    "pending": 0,
    "failures": 0,
    "start": "2023-12-05T19:21:56.537Z",
    "end": "2023-12-05T19:22:00.270Z",
    "duration": 3733,
    "testsRegistered": 1,
    "passPercent": 100,
    "pendingPercent": 0,
    "other": 0,
    "hasOther": false,
    "skipped": 0,
    "hasSkipped": false
  },
  "results": [
    {
      "uuid": "a2539978-aba9-4999-9261-784b1aa11604",
      "title": "",
      "fullFile": "cypress\\e2e\\integration\\secondTest.spec.cy.js",
      "file": "cypress\\e2e\\integration\\secondTest.spec.cy.js",
      "beforeHooks": [],
      "afterHooks": [],
      "tests": [],
      "suites": [
        {
          "uuid": "6044c65f-2db6-48c9-99fb-54fc63cb4eb4",
          "title": "Test log out",
          "fullFile": "",
          "file": "",
          "beforeHooks": [],
          "afterHooks": [],
          "tests": [
            {
              "title": "Verify user can log out successfully",
              "fullTitle": "Test log out Verify user can log out successfully",
              "timedOut": null,
              "duration": 3681,
              "state": "passed",
              "speed": "fast",
              "pass": true,
              "fail": false,
              "pending": false,
              "context": null,
              "code": "cy.contains('Settings').click();\ncy.contains('Or click here to logout').click();\ncy.get('.navbar-nav').should('contain', 'Sign up');",
              "err": {},
              "uuid": "eb2938da-c15f-49df-af03-cc616cf24f9b",
              "parentUUID": "6044c65f-2db6-48c9-99fb-54fc63cb4eb4",
              "isHook": false,
              "skipped": false
            }
          ],
          "suites": [],
          "passes": ["eb2938da-c15f-49df-af03-cc616cf24f9b"],
          "failures": [],
          "pending": [],
          "skipped": [],
          "duration": 3681,
          "root": false,
          "rootEmpty": false,
          "_timeout": 2000
        }
      ],
      "passes": [],
      "failures": [],
      "pending": [],
      "skipped": [],
      "duration": 0,
      "root": true,
      "rootEmpty": true,
      "_timeout": 2000
    }
  ],
  "meta": {
    "mocha": {
      "version": "7.0.1"
    },
    "mochawesome": {
      "options": {
        "quiet": false,
        "reportFilename": "mochawesome",
        "saveHtml": false,
        "saveJson": true,
        "consoleReporter": "spec",
        "useInlineDiffs": false,
        "code": true
      },
      "version": "7.1.3"
    },
    "marge": {
      "options": {
        "id": "default",
        "reportDir": "cypress/results/mochawesome",
        "overwrite": false,
        "html": false,
        "json": true
      },
      "version": "6.2.0"
    }
  }
}
