{
  "stats": {
    "suites": 1,
    "tests": 1,
    "passes": 1,
    "pending": 0,
    "failures": 0,
    "start": "2023-12-05T19:21:42.509Z",
    "end": "2023-12-05T19:21:53.505Z",
    "duration": 10996,
    "testsRegistered": 1,
    "passPercent": 100,
    "pendingPercent": 0,
    "other": 0,
    "hasOther": false,
    "skipped": 0,
    "hasSkipped": false
  },
  "results": [
    {
      "uuid": "8471f7ef-c147-4c01-b909-551236c3c121",
      "title": "",
      "fullFile": "cypress\\e2e\\integration\\firstTest.spec.cy.js",
      "file": "cypress\\e2e\\integration\\firstTest.spec.cy.js",
      "beforeHooks": [],
      "afterHooks": [],
      "tests": [],
      "suites": [
        {
          "uuid": "b421b417-9aa6-496d-bcf0-d38075916e0e",
          "title": "Test with backend",
          "fullFile": "",
          "file": "",
          "beforeHooks": [],
          "afterHooks": [],
          "tests": [
            {
              "title": "Testing API Call: Delete Article",
              "fullTitle": "Test with backend Testing API Call: Delete Article",
              "timedOut": null,
              "duration": 10937,
              "state": "passed",
              "speed": "slow",
              "pass": true,
              "fail": false,
              "pending": false,
              "context": null,
              "code": "const bodyRequest = {\n  article: {\n    tagList: [],\n    title: 'Request from API',\n    description: 'API testing easy',\n    body: 'Angular is Cool!'\n  }\n};\ncy.get('@token').then(token => {\n  cy.request({\n    url: 'https://api.realworld.io/api/articles/',\n    headers: {\n      Authorization: 'Token ' + token\n    },\n    method: 'POST',\n    body: bodyRequest\n  }).then(response => {\n    expect(response.status).to.eq(201);\n  });\n  cy.contains('Global Feed').click();\n  cy.get('.article-preview').first().should('not.contain', 'Loading articles');\n  cy.get('.article-preview').first().click();\n  cy.get('.btn-outline-danger').eq(1).click();\n  cy.request({\n    url: 'https://api.realworld.io/api/articles?limit=10&offset=0',\n    headers: {\n      Authorization: 'Token ' + token\n    },\n    method: 'GET'\n  }).its('body').then(body => {\n    expect(body.articles[0].title).not.to.eq('Request from API');\n  });\n});",
              "err": {},
              "uuid": "28a9086d-0fe8-4c7b-acf9-4d543b21e5bb",
              "parentUUID": "b421b417-9aa6-496d-bcf0-d38075916e0e",
              "isHook": false,
              "skipped": false
            }
          ],
          "suites": [],
          "passes": ["28a9086d-0fe8-4c7b-acf9-4d543b21e5bb"],
          "failures": [],
          "pending": [],
          "skipped": [],
          "duration": 10937,
          "root": false,
          "rootEmpty": false,
          "_timeout": 2000
        }
      ],
      "passes": [],
      "failures": [],
      "pending": [],
      "skipped": [],
      "duration": 0,
      "root": true,
      "rootEmpty": true,
      "_timeout": 2000
    }
  ],
  "meta": {
    "mocha": {
      "version": "7.0.1"
    },
    "mochawesome": {
      "options": {
        "quiet": false,
        "reportFilename": "mochawesome",
        "saveHtml": false,
        "saveJson": true,
        "consoleReporter": "spec",
        "useInlineDiffs": false,
        "code": true
      },
      "version": "7.1.3"
    },
    "marge": {
      "options": {
        "id": "default",
        "reportDir": "cypress/results/mochawesome",
        "overwrite": false,
        "html": false,
        "json": true
      },
      "version": "6.2.0"
    }
  }
}
