{
  "stats": {
    "suites": 1,
    "tests": 1,
    "passes": 1,
    "pending": 0,
    "failures": 0,
    "start": "2023-12-05T19:24:15.042Z",
    "end": "2023-12-05T19:24:18.789Z",
    "duration": 3747,
    "testsRegistered": 1,
    "passPercent": 100,
    "pendingPercent": 0,
    "other": 0,
    "hasOther": false,
    "skipped": 0,
    "hasSkipped": false
  },
  "results": [
    {
      "uuid": "230ea652-3286-40dc-84b3-7a45a3b78fac",
      "title": "",
      "fullFile": "cypress\\e2e\\integration\\secondTest.spec.cy.js",
      "file": "cypress\\e2e\\integration\\secondTest.spec.cy.js",
      "beforeHooks": [],
      "afterHooks": [],
      "tests": [],
      "suites": [
        {
          "uuid": "40982ebb-1cef-4262-87d6-2d909323d25e",
          "title": "Test log out",
          "fullFile": "",
          "file": "",
          "beforeHooks": [],
          "afterHooks": [],
          "tests": [
            {
              "title": "Verify user can log out successfully",
              "fullTitle": "Test log out Verify user can log out successfully",
              "timedOut": null,
              "duration": 3697,
              "state": "passed",
              "speed": "fast",
              "pass": true,
              "fail": false,
              "pending": false,
              "context": null,
              "code": "cy.contains('Settings').click();\ncy.contains('Or click here to logout').click();\ncy.get('.navbar-nav').should('contain', 'Sign up');",
              "err": {},
              "uuid": "a809e4b2-f265-4ac6-9747-14762fec31f4",
              "parentUUID": "40982ebb-1cef-4262-87d6-2d909323d25e",
              "isHook": false,
              "skipped": false
            }
          ],
          "suites": [],
          "passes": ["a809e4b2-f265-4ac6-9747-14762fec31f4"],
          "failures": [],
          "pending": [],
          "skipped": [],
          "duration": 3697,
          "root": false,
          "rootEmpty": false,
          "_timeout": 2000
        }
      ],
      "passes": [],
      "failures": [],
      "pending": [],
      "skipped": [],
      "duration": 0,
      "root": true,
      "rootEmpty": true,
      "_timeout": 2000
    }
  ],
  "meta": {
    "mocha": {
      "version": "7.0.1"
    },
    "mochawesome": {
      "options": {
        "quiet": false,
        "reportFilename": "mochawesome",
        "saveHtml": true,
        "saveJson": true,
        "consoleReporter": "spec",
        "useInlineDiffs": false,
        "code": true
      },
      "version": "7.1.3"
    },
    "marge": {
      "options": {
        "configFile": "reporter-config.json"
      },
      "version": "6.2.0"
    }
  }
}
